<?xml version="1.0" encoding="UTF-8"?>
<testng-results ignored="0" total="1" passed="1" failed="0" skipped="0">
  <reporter-output>
  </reporter-output>
  <suite started-at="2025-08-25T18:25:16 IST" name="Cucumber Suite" finished-at="2025-08-25T18:25:56 IST" duration-ms="39948">
    <groups>
      <group name="cucumber">
        <method signature="AbstractTestNGCucumberTests.runScenario(io.cucumber.testng.PickleWrapper,io.cucumber.testng.FeatureWrapper)[pri:0, instance:TestRunners.MyTestRunner@235ecd9f]" name="runScenario" class="io.cucumber.testng.AbstractTestNGCucumberTests"/>
      </group> <!-- cucumber -->
    </groups>
    <test started-at="2025-08-25T18:25:16 IST" name="Cucumber Tests" finished-at="2025-08-25T18:25:56 IST" duration-ms="39948">
      <class name="TestRunners.MyTestRunner">
        <test-method is-config="true" signature="setUpClass()[pri:0, instance:TestRunners.MyTestRunner@235ecd9f]" started-at="2025-08-25T18:25:16 IST" name="setUpClass" finished-at="2025-08-25T18:25:18 IST" duration-ms="1431" status="PASS">
          <reporter-output>
          </reporter-output>
        </test-method> <!-- setUpClass -->
        <test-method signature="runScenario(io.cucumber.testng.PickleWrapper,io.cucumber.testng.FeatureWrapper)[pri:0, instance:TestRunners.MyTestRunner@235ecd9f]" started-at="2025-08-25T18:25:18 IST" name="runScenario" description="Runs Cucumber Scenarios" data-provider="scenarios" finished-at="2025-08-25T18:25:51 IST" duration-ms="33536" status="PASS">
          <params>
            <param index="0">
              <value>
                <![CDATA["Register with multiple data"]]>
              </value>
            </param>
            <param index="1">
              <value>
                <![CDATA["Optional[Registration Functionality]"]]>
              </value>
            </param>
          </params>
          <reporter-output>
          </reporter-output>
        </test-method> <!-- runScenario -->
        <test-method is-config="true" signature="tearDownClass()[pri:0, instance:TestRunners.MyTestRunner@235ecd9f]" started-at="2025-08-25T18:25:51 IST" name="tearDownClass" finished-at="2025-08-25T18:25:56 IST" duration-ms="4916" status="PASS">
          <reporter-output>
          </reporter-output>
        </test-method> <!-- tearDownClass -->
      </class> <!-- TestRunners.MyTestRunner -->
    </test> <!-- Cucumber Tests -->
  </suite> <!-- Cucumber Suite -->
</testng-results>
